<?xml version="1.0" encoding="UTF-8"?>
<testng-results ignored="0" total="1" passed="1" failed="0" skipped="0">
  <reporter-output>
  </reporter-output>
  <suite started-at="2024-08-25T00:35:09 IST" name="Default suite" finished-at="2024-08-25T00:35:12 IST" duration-ms="3459">
    <groups>
    </groups>
    <test started-at="2024-08-25T00:35:09 IST" name="Default test" finished-at="2024-08-25T00:35:12 IST" duration-ms="3459">
      <class name="com.alpha.screenrecorder.Assessment">
        <test-method is-config="true" signature="setUp()[pri:0, instance:com.alpha.screenrecorder.Assessment@3f197a46]" started-at="2024-08-25T00:35:09 IST" name="setUp" finished-at="2024-08-25T00:35:11 IST" duration-ms="2469" status="PASS">
          <reporter-output>
          </reporter-output>
        </test-method> <!-- setUp -->
        <test-method signature="testFrontendBackendIntegration()[pri:0, instance:com.alpha.screenrecorder.Assessment@3f197a46]" started-at="2024-08-25T00:35:11 IST" name="testFrontendBackendIntegration" finished-at="2024-08-25T00:35:12 IST" duration-ms="615" status="PASS">
          <reporter-output>
          </reporter-output>
        </test-method> <!-- testFrontendBackendIntegration -->
        <test-method is-config="true" signature="tearDown()[pri:0, instance:com.alpha.screenrecorder.Assessment@3f197a46]" started-at="2024-08-25T00:35:12 IST" name="tearDown" finished-at="2024-08-25T00:35:12 IST" duration-ms="324" status="PASS">
          <reporter-output>
          </reporter-output>
        </test-method> <!-- tearDown -->
      </class> <!-- com.alpha.screenrecorder.Assessment -->
    </test> <!-- Default test -->
  </suite> <!-- Default suite -->
</testng-results>
